1589104072 ; 0 ; 2634 ; 139970015020800 ; 687 ; -1 ; RECVD
1589104072 ; 0 ; 2634 ; 139970015020800 ; 687 ; 0 ; ENTER
1589104072 ; 1 ; 2634 ; 139970006628096 ; 109 ; -1 ; RECVD
1589104072 ; 1 ; 2634 ; 139970006628096 ; 109 ; 1 ; ENTER
1589104072 ; 2 ; 2634 ; 139969998235392 ; 662 ; -1 ; RECVD
1589104072 ; 2 ; 2634 ; 139969998235392 ; 662 ; 2 ; ENTER
1589104072 ; 3 ; 2634 ; 139969989842688 ; 24 ; -1 ; RECVD
1589104072 ; 3 ; 2634 ; 139969989842688 ; 24 ; 3 ; ENTER
1589104072 ; 1 ; 2634 ; 139970006628096 ; 109 ; 1 ; TIMUP
1589104072 ; 3 ; 2634 ; 139969989842688 ; 24 ; 3 ; TIMUP
1589104072 ; 4 ; 2634 ; 139969989842688 ; 93 ; -1 ; RECVD
1589104072 ; 4 ; 2634 ; 139969989842688 ; 93 ; 1 ; ENTER
1589104072 ; 5 ; 2634 ; 139970006628096 ; 340 ; -1 ; RECVD
1589104072 ; 5 ; 2634 ; 139970006628096 ; 340 ; 3 ; ENTER
1589104072 ; 4 ; 2634 ; 139969989842688 ; 93 ; 1 ; TIMUP
1589104072 ; 6 ; 2634 ; 139969989842688 ; 919 ; -1 ; RECVD
1589104072 ; 6 ; 2634 ; 139969989842688 ; 919 ; 1 ; ENTER
1589104072 ; 7 ; 2634 ; 139969979254528 ; 797 ; -1 ; RECVD
1589104072 ; 7 ; 2634 ; 139969979254528 ; 797 ; 4 ; ENTER
1589104073 ; 5 ; 2634 ; 139970006628096 ; 340 ; 3 ; TIMUP
1589104073 ; 12 ; 2634 ; 139970006628096 ; 909 ; -1 ; RECVD
1589104073 ; 12 ; 2634 ; 139970006628096 ; 909 ; 3 ; ENTER
1589104073 ; 0 ; 2634 ; 139970015020800 ; 687 ; 0 ; TIMUP
1589104073 ; 14 ; 2634 ; 139970015020800 ; 276 ; -1 ; RECVD
1589104073 ; 14 ; 2634 ; 139970015020800 ; 276 ; 0 ; ENTER
1589104073 ; 2 ; 2634 ; 139969998235392 ; 662 ; 2 ; TIMUP
1589104073 ; 16 ; 2634 ; 139969998235392 ; 948 ; -1 ; RECVD
1589104073 ; 16 ; 2634 ; 139969998235392 ; 948 ; 2 ; ENTER
1589104073 ; 14 ; 2634 ; 139970015020800 ; 276 ; 0 ; TIMUP
1589104073 ; 20 ; 2634 ; 139970015020800 ; 439 ; -1 ; RECVD
1589104073 ; 20 ; 2634 ; 139970015020800 ; 439 ; 0 ; ENTER
1589104073 ; 7 ; 2634 ; 139969979254528 ; 797 ; 4 ; TIMUP
1589104073 ; 23 ; 2634 ; 139969979254528 ; 900 ; -1 ; RECVD
1589104073 ; 23 ; 2634 ; 139969979254528 ; 900 ; 4 ; ENTER
1589104073 ; 6 ; 2634 ; 139969989842688 ; 919 ; 1 ; TIMUP
1589104073 ; 25 ; 2634 ; 139969989842688 ; 110 ; -1 ; RECVD
1589104073 ; 25 ; 2634 ; 139969989842688 ; 110 ; 1 ; ENTER
1589104073 ; 25 ; 2634 ; 139969989842688 ; 110 ; 1 ; TIMUP
1589104073 ; 28 ; 2634 ; 139969989842688 ; 923 ; -1 ; RECVD
1589104073 ; 28 ; 2634 ; 139969989842688 ; 923 ; 1 ; ENTER
1589104073 ; 20 ; 2634 ; 139970015020800 ; 439 ; 0 ; TIMUP
1589104073 ; 29 ; 2634 ; 139970015020800 ; 358 ; -1 ; RECVD
1589104073 ; 29 ; 2634 ; 139970015020800 ; 358 ; 0 ; ENTER
1589104073 ; 12 ; 2634 ; 139970006628096 ; 909 ; 3 ; TIMUP
1589104073 ; 31 ; 2634 ; 139970006628096 ; 961 ; -1 ; RECVD
1589104073 ; 31 ; 2634 ; 139970006628096 ; 961 ; 3 ; ENTER
1589104074 ; 16 ; 2634 ; 139969998235392 ; 948 ; 2 ; TIMUP
1589104074 ; 35 ; 2634 ; 139969998235392 ; 262 ; -1 ; RECVD
1589104074 ; 35 ; 2634 ; 139969998235392 ; 262 ; 2 ; ENTER
1589104074 ; 29 ; 2634 ; 139970015020800 ; 358 ; 0 ; TIMUP
1589104074 ; 37 ; 2634 ; 139970015020800 ; 255 ; -1 ; RECVD
1589104074 ; 37 ; 2634 ; 139970015020800 ; 255 ; 0 ; ENTER
1589104074 ; 35 ; 2634 ; 139969998235392 ; 262 ; 2 ; TIMUP
1589104074 ; 23 ; 2634 ; 139969979254528 ; 900 ; 4 ; TIMUP
1589104074 ; 41 ; 2634 ; 139969979254528 ; 796 ; -1 ; RECVD
1589104074 ; 41 ; 2634 ; 139969979254528 ; 796 ; 2 ; ENTER
1589104074 ; 42 ; 2634 ; 139969998235392 ; 453 ; -1 ; RECVD
1589104074 ; 42 ; 2634 ; 139969998235392 ; 453 ; 4 ; ENTER
1589104074 ; 37 ; 2634 ; 139970015020800 ; 255 ; 0 ; TIMUP
1589104074 ; 43 ; 2634 ; 139970015020800 ; 403 ; -1 ; RECVD
1589104074 ; 43 ; 2634 ; 139970015020800 ; 403 ; 0 ; ENTER
1589104074 ; 28 ; 2634 ; 139969989842688 ; 923 ; 1 ; TIMUP
1589104074 ; 47 ; 2634 ; 139969989842688 ; 657 ; -1 ; RECVD
1589104074 ; 47 ; 2634 ; 139969989842688 ; 657 ; 1 ; ENTER
1589104074 ; 31 ; 2634 ; 139970006628096 ; 961 ; 3 ; TIMUP
1589104074 ; 51 ; 2634 ; 139970006628096 ; 322 ; -1 ; RECVD
1589104074 ; 51 ; 2634 ; 139970006628096 ; 322 ; 3 ; ENTER
1589104074 ; 42 ; 2634 ; 139969998235392 ; 453 ; 4 ; TIMUP
1589104074 ; 43 ; 2634 ; 139970015020800 ; 403 ; 0 ; TIMUP
1589104075 ; 52 ; 2634 ; 139970015020800 ; 950 ; -1 ; RECVD
1589104075 ; 52 ; 2634 ; 139970015020800 ; 950 ; 0 ; ENTER
1589104075 ; 53 ; 2634 ; 139969998235392 ; 542 ; -1 ; RECVD
1589104075 ; 53 ; 2634 ; 139969998235392 ; 542 ; 4 ; ENTER
1589104075 ; 41 ; 2634 ; 139969979254528 ; 796 ; 2 ; TIMUP
1589104075 ; 57 ; 2634 ; 139969979254528 ; 736 ; -1 ; RECVD
1589104075 ; 57 ; 2634 ; 139969979254528 ; 736 ; 2 ; ENTER
1589104075 ; 51 ; 2634 ; 139970006628096 ; 322 ; 3 ; TIMUP
1589104075 ; 58 ; 2634 ; 139970006628096 ; 71 ; -1 ; RECVD
1589104075 ; 58 ; 2634 ; 139970006628096 ; 71 ; 3 ; ENTER
1589104075 ; 58 ; 2634 ; 139970006628096 ; 71 ; 3 ; TIMUP
1589104075 ; 60 ; 2634 ; 139970006628096 ; 445 ; -1 ; RECVD
1589104075 ; 60 ; 2634 ; 139970006628096 ; 445 ; 3 ; ENTER
1589104075 ; 47 ; 2634 ; 139969989842688 ; 657 ; 1 ; TIMUP
1589104075 ; 61 ; 2634 ; 139969989842688 ; 158 ; -1 ; RECVD
1589104075 ; 61 ; 2634 ; 139969989842688 ; 158 ; 1 ; ENTER
1589104075 ; 53 ; 2634 ; 139969998235392 ; 542 ; 4 ; TIMUP
1589104075 ; 64 ; 2634 ; 139969998235392 ; 259 ; -1 ; RECVD
1589104075 ; 64 ; 2634 ; 139969998235392 ; 259 ; 4 ; ENTER
1589104075 ; 61 ; 2634 ; 139969989842688 ; 158 ; 1 ; TIMUP
1589104075 ; 65 ; 2634 ; 139969989842688 ; 870 ; -1 ; RECVD
1589104075 ; 65 ; 2634 ; 139969989842688 ; 870 ; 1 ; ENTER
1589104075 ; 60 ; 2634 ; 139970006628096 ; 445 ; 3 ; TIMUP
1589104075 ; 69 ; 2634 ; 139970006628096 ; 933 ; -1 ; RECVD
1589104075 ; 69 ; 2634 ; 139970006628096 ; 933 ; 3 ; ENTER
1589104075 ; 64 ; 2634 ; 139969998235392 ; 259 ; 4 ; TIMUP
1589104075 ; 70 ; 2634 ; 139969998235392 ; 210 ; -1 ; RECVD
1589104075 ; 70 ; 2634 ; 139969998235392 ; 210 ; 4 ; ENTER
1589104075 ; 52 ; 2634 ; 139970015020800 ; 950 ; 0 ; TIMUP
1589104075 ; 71 ; 2634 ; 139970015020800 ; 970 ; -1 ; RECVD
1589104075 ; 71 ; 2634 ; 139970015020800 ; 970 ; 0 ; ENTER
1589104076 ; 57 ; 2634 ; 139969979254528 ; 736 ; 2 ; TIMUP
1589104076 ; 72 ; 2634 ; 139969979254528 ; 80 ; -1 ; RECVD
1589104076 ; 72 ; 2634 ; 139969979254528 ; 80 ; 2 ; ENTER
1589104076 ; 72 ; 2634 ; 139969979254528 ; 80 ; 2 ; TIMUP
1589104076 ; 74 ; 2634 ; 139969979254528 ; 372 ; -1 ; RECVD
1589104076 ; 74 ; 2634 ; 139969979254528 ; 372 ; 2 ; ENTER
1589104076 ; 70 ; 2634 ; 139969998235392 ; 210 ; 4 ; TIMUP
1589104076 ; 75 ; 2634 ; 139969998235392 ; 790 ; -1 ; RECVD
1589104076 ; 75 ; 2634 ; 139969998235392 ; 790 ; 4 ; ENTER
1589104076 ; 74 ; 2634 ; 139969979254528 ; 372 ; 2 ; TIMUP
1589104076 ; 82 ; 2634 ; 139969979254528 ; 650 ; -1 ; RECVD
1589104076 ; 82 ; 2634 ; 139969979254528 ; 650 ; 2 ; ENTER
1589104076 ; 65 ; 2634 ; 139969989842688 ; 870 ; 1 ; TIMUP
1589104076 ; 83 ; 2634 ; 139969989842688 ; 294 ; -1 ; RECVD
1589104076 ; 83 ; 2634 ; 139969989842688 ; 294 ; 1 ; ENTER
1589104076 ; 69 ; 2634 ; 139970006628096 ; 933 ; 3 ; TIMUP
1589104076 ; 88 ; 2634 ; 139970006628096 ; 309 ; -1 ; RECVD
1589104076 ; 88 ; 2634 ; 139970006628096 ; 309 ; 3 ; ENTER
1589104076 ; 83 ; 2634 ; 139969989842688 ; 294 ; 1 ; TIMUP
1589104076 ; 89 ; 2634 ; 139969989842688 ; 785 ; -1 ; RECVD
1589104076 ; 89 ; 2634 ; 139969989842688 ; 785 ; 1 ; ENTER
1589104076 ; 71 ; 2634 ; 139970015020800 ; 970 ; 0 ; TIMUP
1589104076 ; 75 ; 2634 ; 139969998235392 ; 790 ; 4 ; TIMUP
1589104076 ; 91 ; 2634 ; 139969998235392 ; 753 ; -1 ; RECVD
1589104076 ; 91 ; 2634 ; 139969998235392 ; 753 ; 0 ; ENTER
1589104077 ; 92 ; 2634 ; 139970015020800 ; 294 ; -1 ; RECVD
1589104077 ; 92 ; 2634 ; 139970015020800 ; 294 ; 4 ; ENTER
1589104077 ; 88 ; 2634 ; 139970006628096 ; 309 ; 3 ; TIMUP
1589104077 ; 82 ; 2634 ; 139969979254528 ; 650 ; 2 ; TIMUP
1589104077 ; 95 ; 2634 ; 139969979254528 ; 904 ; -1 ; RECVD
1589104077 ; 95 ; 2634 ; 139969979254528 ; 904 ; 2 ; ENTER
1589104077 ; 96 ; 2634 ; 139970006628096 ; 900 ; -1 ; RECVD
1589104077 ; 96 ; 2634 ; 139970006628096 ; 900 ; 3 ; ENTER
1589104077 ; 92 ; 2634 ; 139970015020800 ; 294 ; 4 ; TIMUP
1589104077 ; 98 ; 2634 ; 139970015020800 ; 954 ; -1 ; RECVD
1589104077 ; 98 ; 2634 ; 139970015020800 ; 954 ; 4 ; ENTER
1589104077 ; 89 ; 2634 ; 139969989842688 ; 785 ; 1 ; TIMUP
1589104077 ; 91 ; 2634 ; 139969998235392 ; 753 ; 0 ; TIMUP
1589104078 ; 95 ; 2634 ; 139969979254528 ; 904 ; 2 ; TIMUP
1589104078 ; 96 ; 2634 ; 139970006628096 ; 900 ; 3 ; TIMUP
1589104078 ; 98 ; 2634 ; 139970015020800 ; 954 ; 4 ; TIMUP
