1589104072 ; 0 ; 2636 ; 139841198925568 ; 687 ; -1 ; IWANT
1589104072 ; 0 ; 2636 ; 139841198925568 ; 687 ; 0 ; IAMIN
1589104072 ; 1 ; 2636 ; 139841198925568 ; 109 ; -1 ; IWANT
1589104072 ; 1 ; 2636 ; 139841198925568 ; 109 ; 1 ; IAMIN
1589104072 ; 2 ; 2636 ; 139841198925568 ; 662 ; -1 ; IWANT
1589104072 ; 2 ; 2636 ; 139841198925568 ; 662 ; 2 ; IAMIN
1589104072 ; 3 ; 2636 ; 139841198925568 ; 24 ; -1 ; IWANT
1589104072 ; 3 ; 2636 ; 139841198925568 ; 24 ; 3 ; IAMIN
1589104072 ; 4 ; 2636 ; 139841198925568 ; 93 ; -1 ; IWANT
1589104072 ; 4 ; 2636 ; 139841198925568 ; 93 ; 1 ; IAMIN
1589104072 ; 5 ; 2636 ; 139841198925568 ; 340 ; -1 ; IWANT
1589104072 ; 5 ; 2636 ; 139841198925568 ; 340 ; 3 ; IAMIN
1589104072 ; 6 ; 2636 ; 139841198925568 ; 919 ; -1 ; IWANT
1589104072 ; 6 ; 2636 ; 139841198925568 ; 919 ; 1 ; IAMIN
1589104072 ; 7 ; 2636 ; 139841198925568 ; 797 ; -1 ; IWANT
1589104072 ; 7 ; 2636 ; 139841198925568 ; 797 ; 4 ; IAMIN
1589104072 ; 8 ; 2636 ; 139841198925568 ; 369 ; -1 ; IWANT
1589104072 ; 9 ; 2636 ; 139841115256576 ; 889 ; -1 ; IWANT
1589104072 ; 10 ; 2636 ; 139841106863872 ; 386 ; -1 ; IWANT
1589104072 ; 11 ; 2636 ; 139841098471168 ; 294 ; -1 ; IWANT
1589104073 ; 12 ; 2636 ; 139841090078464 ; 909 ; -1 ; IWANT
1589104073 ; 12 ; 2636 ; 139841090078464 ; 909 ; 3 ; IAMIN
1589104073 ; 13 ; 2636 ; 139841090078464 ; 915 ; -1 ; IWANT
1589104073 ; 14 ; 2636 ; 139841081685760 ; 276 ; -1 ; IWANT
1589104073 ; 14 ; 2636 ; 139841081685760 ; 276 ; 0 ; IAMIN
1589104073 ; 15 ; 2636 ; 139841081685760 ; 686 ; -1 ; IWANT
1589104073 ; 16 ; 2636 ; 139841073293056 ; 948 ; -1 ; IWANT
1589104073 ; 16 ; 2636 ; 139841073293056 ; 948 ; 2 ; IAMIN
1589104073 ; 17 ; 2636 ; 139841073293056 ; 803 ; -1 ; IWANT
1589104073 ; 18 ; 2636 ; 139841064900352 ; 390 ; -1 ; IWANT
1589104073 ; 19 ; 2636 ; 139841056507648 ; 816 ; -1 ; IWANT
1589104073 ; 20 ; 2636 ; 139841048114944 ; 439 ; -1 ; IWANT
1589104073 ; 20 ; 2636 ; 139841048114944 ; 439 ; 0 ; IAMIN
1589104073 ; 21 ; 2636 ; 139841048114944 ; 769 ; -1 ; IWANT
1589104073 ; 22 ; 2636 ; 139841039722240 ; 366 ; -1 ; IWANT
1589104073 ; 23 ; 2636 ; 139841031329536 ; 900 ; -1 ; IWANT
1589104073 ; 23 ; 2636 ; 139841031329536 ; 900 ; 4 ; IAMIN
1589104073 ; 24 ; 2636 ; 139841031329536 ; 120 ; -1 ; IWANT
1589104073 ; 25 ; 2636 ; 139841022936832 ; 110 ; -1 ; IWANT
1589104073 ; 25 ; 2636 ; 139841022936832 ; 110 ; 1 ; IAMIN
1589104073 ; 26 ; 2636 ; 139841022936832 ; 811 ; -1 ; IWANT
1589104073 ; 27 ; 2636 ; 139841014544128 ; 299 ; -1 ; IWANT
1589104073 ; 8 ; 2636 ; 139841198925568 ; 369 ; -1 ; FAILD
1589104073 ; 28 ; 2636 ; 139841198925568 ; 923 ; -1 ; IWANT
1589104073 ; 28 ; 2636 ; 139841198925568 ; 923 ; 1 ; IAMIN
1589104073 ; 9 ; 2636 ; 139841115256576 ; 889 ; -1 ; FAILD
1589104073 ; 29 ; 2636 ; 139841115256576 ; 358 ; -1 ; IWANT
1589104073 ; 29 ; 2636 ; 139841115256576 ; 358 ; 0 ; IAMIN
1589104073 ; 10 ; 2636 ; 139841106863872 ; 386 ; -1 ; FAILD
1589104073 ; 30 ; 2636 ; 139841106863872 ; 88 ; -1 ; IWANT
1589104073 ; 11 ; 2636 ; 139841098471168 ; 294 ; -1 ; FAILD
1589104073 ; 31 ; 2636 ; 139841098471168 ; 961 ; -1 ; IWANT
1589104073 ; 31 ; 2636 ; 139841098471168 ; 961 ; 3 ; IAMIN
1589104074 ; 32 ; 2636 ; 139841098471168 ; 818 ; -1 ; IWANT
1589104074 ; 13 ; 2636 ; 139841090078464 ; 915 ; -1 ; FAILD
1589104074 ; 33 ; 2636 ; 139841090078464 ; 749 ; -1 ; IWANT
1589104074 ; 34 ; 2636 ; 139841115256576 ; 985 ; -1 ; IWANT
1589104074 ; 15 ; 2636 ; 139841081685760 ; 686 ; -1 ; FAILD
1589104074 ; 35 ; 2636 ; 139841081685760 ; 262 ; -1 ; IWANT
1589104074 ; 35 ; 2636 ; 139841081685760 ; 262 ; 2 ; IAMIN
1589104074 ; 36 ; 2636 ; 139841081685760 ; 440 ; -1 ; IWANT
1589104074 ; 17 ; 2636 ; 139841073293056 ; 803 ; -1 ; FAILD
1589104074 ; 37 ; 2636 ; 139841073293056 ; 255 ; -1 ; IWANT
1589104074 ; 37 ; 2636 ; 139841073293056 ; 255 ; 0 ; IAMIN
1589104074 ; 18 ; 2636 ; 139841064900352 ; 390 ; -1 ; FAILD
1589104074 ; 38 ; 2636 ; 139841064900352 ; 411 ; -1 ; IWANT
1589104074 ; 19 ; 2636 ; 139841056507648 ; 816 ; -1 ; FAILD
1589104074 ; 39 ; 2636 ; 139841056507648 ; 160 ; -1 ; IWANT
1589104074 ; 40 ; 2636 ; 139841073293056 ; 143 ; -1 ; IWANT
1589104074 ; 21 ; 2636 ; 139841048114944 ; 769 ; -1 ; FAILD
1589104074 ; 41 ; 2636 ; 139841048114944 ; 796 ; -1 ; IWANT
1589104074 ; 41 ; 2636 ; 139841048114944 ; 796 ; 2 ; IAMIN
1589104074 ; 22 ; 2636 ; 139841039722240 ; 366 ; -1 ; FAILD
1589104074 ; 42 ; 2636 ; 139841039722240 ; 453 ; -1 ; IWANT
1589104074 ; 42 ; 2636 ; 139841039722240 ; 453 ; 4 ; IAMIN
1589104074 ; 43 ; 2636 ; 139841039722240 ; 403 ; -1 ; IWANT
1589104074 ; 43 ; 2636 ; 139841039722240 ; 403 ; 0 ; IAMIN
1589104074 ; 24 ; 2636 ; 139841031329536 ; 120 ; -1 ; FAILD
1589104074 ; 44 ; 2636 ; 139841031329536 ; 710 ; -1 ; IWANT
1589104074 ; 45 ; 2636 ; 139841039722240 ; 729 ; -1 ; IWANT
1589104074 ; 26 ; 2636 ; 139841022936832 ; 811 ; -1 ; FAILD
1589104074 ; 46 ; 2636 ; 139841022936832 ; 441 ; -1 ; IWANT
1589104074 ; 27 ; 2636 ; 139841014544128 ; 299 ; -1 ; FAILD
1589104074 ; 47 ; 2636 ; 139841014544128 ; 657 ; -1 ; IWANT
1589104074 ; 47 ; 2636 ; 139841014544128 ; 657 ; 1 ; IAMIN
1589104074 ; 48 ; 2636 ; 139841014544128 ; 883 ; -1 ; IWANT
1589104074 ; 49 ; 2636 ; 139841048114944 ; 830 ; -1 ; IWANT
1589104074 ; 30 ; 2636 ; 139841106863872 ; 88 ; -1 ; FAILD
1589104074 ; 50 ; 2636 ; 139841106863872 ; 824 ; -1 ; IWANT
1589104074 ; 51 ; 2636 ; 139841198925568 ; 322 ; -1 ; IWANT
1589104074 ; 51 ; 2636 ; 139841198925568 ; 322 ; 3 ; IAMIN
1589104075 ; 32 ; 2636 ; 139841098471168 ; 818 ; -1 ; FAILD
1589104075 ; 52 ; 2636 ; 139841098471168 ; 950 ; -1 ; IWANT
1589104075 ; 52 ; 2636 ; 139841098471168 ; 950 ; 0 ; IAMIN
1589104075 ; 33 ; 2636 ; 139841090078464 ; 749 ; -1 ; FAILD
1589104075 ; 53 ; 2636 ; 139841090078464 ; 542 ; -1 ; IWANT
1589104075 ; 53 ; 2636 ; 139841090078464 ; 542 ; 4 ; IAMIN
1589104075 ; 34 ; 2636 ; 139841115256576 ; 985 ; -1 ; FAILD
1589104075 ; 54 ; 2636 ; 139841115256576 ; 573 ; -1 ; IWANT
1589104075 ; 55 ; 2636 ; 139841090078464 ; 421 ; -1 ; IWANT
1589104075 ; 36 ; 2636 ; 139841081685760 ; 440 ; -1 ; FAILD
1589104075 ; 56 ; 2636 ; 139841081685760 ; 651 ; -1 ; IWANT
1589104075 ; 57 ; 2636 ; 139841098471168 ; 736 ; -1 ; IWANT
1589104075 ; 57 ; 2636 ; 139841098471168 ; 736 ; 2 ; IAMIN
1589104075 ; 38 ; 2636 ; 139841064900352 ; 411 ; -1 ; FAILD
1589104075 ; 58 ; 2636 ; 139841064900352 ; 71 ; -1 ; IWANT
1589104075 ; 58 ; 2636 ; 139841064900352 ; 71 ; 3 ; IAMIN
1589104075 ; 39 ; 2636 ; 139841056507648 ; 160 ; -1 ; FAILD
1589104075 ; 59 ; 2636 ; 139841056507648 ; 925 ; -1 ; IWANT
1589104075 ; 40 ; 2636 ; 139841073293056 ; 143 ; -1 ; FAILD
1589104075 ; 60 ; 2636 ; 139841073293056 ; 445 ; -1 ; IWANT
1589104075 ; 60 ; 2636 ; 139841073293056 ; 445 ; 3 ; IAMIN
1589104075 ; 61 ; 2636 ; 139841073293056 ; 158 ; -1 ; IWANT
1589104075 ; 61 ; 2636 ; 139841073293056 ; 158 ; 1 ; IAMIN
1589104075 ; 62 ; 2636 ; 139841073293056 ; 886 ; -1 ; IWANT
1589104075 ; 63 ; 2636 ; 139841064900352 ; 262 ; -1 ; IWANT
1589104075 ; 44 ; 2636 ; 139841031329536 ; 710 ; -1 ; FAILD
1589104075 ; 64 ; 2636 ; 139841031329536 ; 259 ; -1 ; IWANT
1589104075 ; 64 ; 2636 ; 139841031329536 ; 259 ; 4 ; IAMIN
1589104075 ; 45 ; 2636 ; 139841039722240 ; 729 ; -1 ; FAILD
1589104075 ; 65 ; 2636 ; 139841039722240 ; 870 ; -1 ; IWANT
1589104075 ; 65 ; 2636 ; 139841039722240 ; 870 ; 1 ; IAMIN
1589104075 ; 46 ; 2636 ; 139841022936832 ; 441 ; -1 ; FAILD
1589104075 ; 66 ; 2636 ; 139841022936832 ; 523 ; -1 ; IWANT
1589104075 ; 67 ; 2636 ; 139841039722240 ; 50 ; -1 ; IWANT
1589104075 ; 48 ; 2636 ; 139841014544128 ; 883 ; -1 ; FAILD
1589104075 ; 68 ; 2636 ; 139841014544128 ; 476 ; -1 ; IWANT
1589104075 ; 49 ; 2636 ; 139841048114944 ; 830 ; -1 ; FAILD
1589104075 ; 69 ; 2636 ; 139841048114944 ; 933 ; -1 ; IWANT
1589104075 ; 69 ; 2636 ; 139841048114944 ; 933 ; 3 ; IAMIN
1589104075 ; 50 ; 2636 ; 139841106863872 ; 824 ; -1 ; FAILD
1589104075 ; 70 ; 2636 ; 139841106863872 ; 210 ; -1 ; IWANT
1589104075 ; 70 ; 2636 ; 139841106863872 ; 210 ; 4 ; IAMIN
1589104075 ; 71 ; 2636 ; 139841106863872 ; 970 ; -1 ; IWANT
1589104075 ; 71 ; 2636 ; 139841106863872 ; 970 ; 0 ; IAMIN
1589104076 ; 72 ; 2636 ; 139841106863872 ; 80 ; -1 ; IWANT
1589104076 ; 72 ; 2636 ; 139841106863872 ; 80 ; 2 ; IAMIN
1589104076 ; 73 ; 2636 ; 139841106863872 ; 662 ; -1 ; IWANT
1589104076 ; 54 ; 2636 ; 139841115256576 ; 573 ; -1 ; FAILD
1589104076 ; 74 ; 2636 ; 139841115256576 ; 372 ; -1 ; IWANT
1589104076 ; 74 ; 2636 ; 139841115256576 ; 372 ; 2 ; IAMIN
1589104076 ; 55 ; 2636 ; 139841090078464 ; 421 ; -1 ; FAILD
1589104076 ; 75 ; 2636 ; 139841090078464 ; 790 ; -1 ; IWANT
1589104076 ; 75 ; 2636 ; 139841090078464 ; 790 ; 4 ; IAMIN
1589104076 ; 56 ; 2636 ; 139841081685760 ; 651 ; -1 ; FAILD
1589104076 ; 76 ; 2636 ; 139841081685760 ; 742 ; -1 ; IWANT
1589104076 ; 77 ; 2636 ; 139841090078464 ; 812 ; -1 ; IWANT
1589104076 ; 78 ; 2636 ; 139841115256576 ; 798 ; -1 ; IWANT
1589104076 ; 59 ; 2636 ; 139841056507648 ; 925 ; -1 ; FAILD
1589104076 ; 79 ; 2636 ; 139841056507648 ; 977 ; -1 ; IWANT
1589104076 ; 80 ; 2636 ; 139841048114944 ; 993 ; -1 ; IWANT
1589104076 ; 81 ; 2636 ; 139841198925568 ; 974 ; -1 ; IWANT
1589104076 ; 62 ; 2636 ; 139841073293056 ; 886 ; -1 ; FAILD
1589104076 ; 82 ; 2636 ; 139841073293056 ; 650 ; -1 ; IWANT
1589104076 ; 82 ; 2636 ; 139841073293056 ; 650 ; 2 ; IAMIN
1589104076 ; 63 ; 2636 ; 139841064900352 ; 262 ; -1 ; FAILD
1589104076 ; 83 ; 2636 ; 139841064900352 ; 294 ; -1 ; IWANT
1589104076 ; 83 ; 2636 ; 139841064900352 ; 294 ; 1 ; IAMIN
1589104076 ; 84 ; 2636 ; 139841064900352 ; 515 ; -1 ; IWANT
1589104076 ; 85 ; 2636 ; 139841073293056 ; 222 ; -1 ; IWANT
1589104076 ; 66 ; 2636 ; 139841022936832 ; 523 ; -1 ; FAILD
1589104076 ; 86 ; 2636 ; 139841022936832 ; 714 ; -1 ; IWANT
1589104076 ; 67 ; 2636 ; 139841039722240 ; 50 ; -1 ; FAILD
1589104076 ; 87 ; 2636 ; 139841039722240 ; 517 ; -1 ; IWANT
1589104076 ; 68 ; 2636 ; 139841014544128 ; 476 ; -1 ; FAILD
1589104076 ; 88 ; 2636 ; 139841014544128 ; 309 ; -1 ; IWANT
1589104076 ; 88 ; 2636 ; 139841014544128 ; 309 ; 3 ; IAMIN
1589104076 ; 89 ; 2636 ; 139841014544128 ; 785 ; -1 ; IWANT
1589104076 ; 89 ; 2636 ; 139841014544128 ; 785 ; 1 ; IAMIN
1589104076 ; 90 ; 2636 ; 139841014544128 ; 442 ; -1 ; IWANT
1589104076 ; 91 ; 2636 ; 139841098471168 ; 753 ; -1 ; IWANT
1589104077 ; 91 ; 2636 ; 139841098471168 ; 753 ; 0 ; IAMIN
1589104077 ; 92 ; 2636 ; 139841098471168 ; 294 ; -1 ; IWANT
1589104077 ; 92 ; 2636 ; 139841098471168 ; 294 ; 4 ; IAMIN
1589104077 ; 73 ; 2636 ; 139841106863872 ; 662 ; -1 ; FAILD
1589104077 ; 93 ; 2636 ; 139841106863872 ; 679 ; -1 ; IWANT
1589104077 ; 94 ; 2636 ; 139841098471168 ; 366 ; -1 ; IWANT
1589104077 ; 95 ; 2636 ; 139841031329536 ; 904 ; -1 ; IWANT
1589104077 ; 95 ; 2636 ; 139841031329536 ; 904 ; 2 ; IAMIN
1589104077 ; 76 ; 2636 ; 139841081685760 ; 742 ; -1 ; FAILD
1589104077 ; 96 ; 2636 ; 139841081685760 ; 900 ; -1 ; IWANT
1589104077 ; 96 ; 2636 ; 139841081685760 ; 900 ; 3 ; IAMIN
1589104077 ; 77 ; 2636 ; 139841090078464 ; 812 ; -1 ; FAILD
1589104077 ; 97 ; 2636 ; 139841090078464 ; 889 ; -1 ; IWANT
1589104077 ; 78 ; 2636 ; 139841115256576 ; 798 ; -1 ; FAILD
1589104077 ; 98 ; 2636 ; 139841115256576 ; 954 ; -1 ; IWANT
1589104077 ; 98 ; 2636 ; 139841115256576 ; 954 ; 4 ; IAMIN
1589104077 ; 79 ; 2636 ; 139841056507648 ; 977 ; -1 ; FAILD
1589104077 ; 99 ; 2636 ; 139841056507648 ; 375 ; -1 ; IWANT
1589104077 ; 80 ; 2636 ; 139841048114944 ; 993 ; -1 ; FAILD
1589104077 ; 81 ; 2636 ; 139841198925568 ; 974 ; -1 ; FAILD
1589104077 ; 84 ; 2636 ; 139841064900352 ; 515 ; -1 ; FAILD
1589104077 ; 85 ; 2636 ; 139841073293056 ; 222 ; -1 ; FAILD
1589104077 ; 86 ; 2636 ; 139841022936832 ; 714 ; -1 ; FAILD
1589104077 ; 87 ; 2636 ; 139841039722240 ; 517 ; -1 ; FAILD
1589104077 ; 90 ; 2636 ; 139841014544128 ; 442 ; -1 ; FAILD
1589104078 ; 93 ; 2636 ; 139841106863872 ; 679 ; -1 ; FAILD
1589104078 ; 94 ; 2636 ; 139841098471168 ; 366 ; -1 ; FAILD
1589104078 ; 97 ; 2636 ; 139841090078464 ; 889 ; -1 ; FAILD
1589104078 ; 99 ; 2636 ; 139841056507648 ; 375 ; -1 ; FAILD
